Mon Aug 30 21:55:34 CST 2021
Accuracy on this dataset: 0.8124
Accuracy on this dataset: 0.6094
Accuracy on this dataset: 0.2590
Traceback (most recent call last):
  File "get_torch_cnn_features.py", line 73, in <module>
    if not os.path.exists('/'.join(args.cover_feature_path.split('/')[:-1])):
NameError: name 'os' is not defined
srun: error: wmc-slave-g9: task 0: Exited with exit code 1
Accuracy on this dataset: 0.8154
Accuracy on this dataset: 0.7663
Accuracy on this dataset: 0.2437
Traceback (most recent call last):
  File "get_torch_cnn_features.py", line 73, in <module>
    if not os.path.exists('/'.join(args.cover_feature_path.split('/')[:-1])):
NameError: name 'os' is not defined
srun: error: wmc-slave-g9: task 0: Exited with exit code 1
Accuracy on this dataset: 0.8508
Accuracy on this dataset: 0.8715
Accuracy on this dataset: 0.1904
Traceback (most recent call last):
  File "get_torch_cnn_features.py", line 73, in <module>
    if not os.path.exists('/'.join(args.cover_feature_path.split('/')[:-1])):
NameError: name 'os' is not defined
srun: error: wmc-slave-g9: task 0: Exited with exit code 1
Accuracy on this dataset: 0.9268
Accuracy on this dataset: 0.9229
Accuracy on this dataset: 0.1141
Traceback (most recent call last):
  File "get_torch_cnn_features.py", line 73, in <module>
    if not os.path.exists('/'.join(args.cover_feature_path.split('/')[:-1])):
NameError: name 'os' is not defined
srun: error: wmc-slave-g9: task 0: Exited with exit code 1
Accuracy on this dataset: 0.9485
Accuracy on this dataset: 0.9418
Accuracy on this dataset: 0.1412
Traceback (most recent call last):
  File "get_torch_cnn_features.py", line 73, in <module>
    if not os.path.exists('/'.join(args.cover_feature_path.split('/')[:-1])):
NameError: name 'os' is not defined
srun: error: wmc-slave-g9: task 0: Exited with exit code 1
